<?xml version="1.0" encoding="UTF-8"?>
<!-- Generated by org.testng.reporters.JUnitReportReporter -->
<testsuite hostname="DELL" name="SeleniumProject.Automation615.AmazonTest" tests="3" failures="0" timestamp="1 Apr 2023 05:31:24 GMT" time="0.512" errors="0">
  <testcase name="Addtocart" time="0.230" classname="SeleniumProject.Automation615.AmazonTest"/>
  <testcase name="SearchItem" time="0.275" classname="SeleniumProject.Automation615.AmazonTest"/>
  <testcase name="PaymentOrder" time="0.007" classname="SeleniumProject.Automation615.AmazonTest"/>
</testsuite> <!-- SeleniumProject.Automation615.AmazonTest -->
