<?xml version="1.0" encoding="UTF-8"?>
<!-- Generated by org.testng.reporters.JUnitReportReporter -->
<testsuite hostname="DELL" name="SeleniumProject.Automation615.LoginTest" tests="2" failures="0" timestamp="2 Apr 2023 05:10:48 GMT" time="82.756" errors="0">
  <testcase name="Account" time="61.323" classname="SeleniumProject.Automation615.LoginTest"/>
  <testcase name="LaunchingMobile" time="21.433" classname="SeleniumProject.Automation615.LoginTest"/>
</testsuite> <!-- SeleniumProject.Automation615.LoginTest -->
