<?xml version="1.0" encoding="UTF-8"?>
<!-- Generated by org.testng.reporters.JUnitReportReporter -->
<testsuite hostname="DELL" name="com.qa.MaySeleniumProject.LoginTest" tests="2" failures="0" timestamp="31 Jul 2022 03:09:56 GMT" time="55.025" errors="0">
  <testcase name="Search" time="23.757" classname="com.qa.MaySeleniumProject.LoginTest"/>
  <testcase name="CarByke" time="31.268" classname="com.qa.MaySeleniumProject.LoginTest"/>
</testsuite> <!-- com.qa.MaySeleniumProject.LoginTest -->
